[2024-07-28T17:33:56.411+0000] {manager.py:470} INFO - Processing files using up to 2 processes at a time 
[2024-07-28T17:33:56.411+0000] {manager.py:471} INFO - Process each file at most once every 30 seconds
[2024-07-28T17:33:56.412+0000] {manager.py:472} INFO - Checking for new files in /opt/airflow/dags every 300 seconds
[2024-07-28T17:33:56.412+0000] {manager.py:737} INFO - Searching for files in /opt/airflow/dags
[2024-07-28T17:33:56.413+0000] {manager.py:740} INFO - There are 0 files in /opt/airflow/dags
[2024-07-28T17:38:56.567+0000] {manager.py:737} INFO - Searching for files in /opt/airflow/dags
[2024-07-28T17:38:56.570+0000] {manager.py:740} INFO - There are 0 files in /opt/airflow/dags
[2024-07-28T17:43:56.745+0000] {manager.py:737} INFO - Searching for files in /opt/airflow/dags
[2024-07-28T17:43:56.747+0000] {manager.py:740} INFO - There are 0 files in /opt/airflow/dags
[2024-07-28T17:48:56.919+0000] {manager.py:737} INFO - Searching for files in /opt/airflow/dags
[2024-07-28T17:48:56.921+0000] {manager.py:740} INFO - There are 0 files in /opt/airflow/dags
[2024-07-28T17:53:57.823+0000] {manager.py:737} INFO - Searching for files in /opt/airflow/dags
[2024-07-28T17:53:57.824+0000] {manager.py:740} INFO - There are 0 files in /opt/airflow/dags
[2024-07-28T17:58:58.664+0000] {manager.py:737} INFO - Searching for files in /opt/airflow/dags
[2024-07-28T17:58:58.667+0000] {manager.py:740} INFO - There are 0 files in /opt/airflow/dags
[2024-07-28T18:03:59.553+0000] {manager.py:737} INFO - Searching for files in /opt/airflow/dags
[2024-07-28T18:03:59.556+0000] {manager.py:740} INFO - There are 0 files in /opt/airflow/dags
[2024-07-28T18:09:00.518+0000] {manager.py:737} INFO - Searching for files in /opt/airflow/dags
[2024-07-28T18:09:00.520+0000] {manager.py:740} INFO - There are 0 files in /opt/airflow/dags
[2024-07-28T18:14:01.505+0000] {manager.py:737} INFO - Searching for files in /opt/airflow/dags
[2024-07-28T18:14:01.506+0000] {manager.py:740} INFO - There are 0 files in /opt/airflow/dags
[2024-07-28T18:19:01.533+0000] {manager.py:737} INFO - Searching for files in /opt/airflow/dags
[2024-07-28T18:19:01.534+0000] {manager.py:740} INFO - There are 0 files in /opt/airflow/dags
[2024-07-28T18:24:01.533+0000] {manager.py:737} INFO - Searching for files in /opt/airflow/dags
[2024-07-28T18:24:01.536+0000] {manager.py:740} INFO - There are 0 files in /opt/airflow/dags
[2024-07-28T18:29:01.595+0000] {manager.py:737} INFO - Searching for files in /opt/airflow/dags
[2024-07-28T18:29:01.597+0000] {manager.py:740} INFO - There are 0 files in /opt/airflow/dags
[2024-07-28T18:34:01.819+0000] {manager.py:737} INFO - Searching for files in /opt/airflow/dags
[2024-07-28T18:34:01.821+0000] {manager.py:740} INFO - There are 0 files in /opt/airflow/dags
[2024-07-28T18:39:02.792+0000] {manager.py:737} INFO - Searching for files in /opt/airflow/dags
[2024-07-28T18:39:02.794+0000] {manager.py:740} INFO - There are 0 files in /opt/airflow/dags
[2024-07-28T18:44:03.684+0000] {manager.py:737} INFO - Searching for files in /opt/airflow/dags
[2024-07-28T18:44:03.686+0000] {manager.py:740} INFO - There are 0 files in /opt/airflow/dags
[2024-07-28T18:49:03.836+0000] {manager.py:737} INFO - Searching for files in /opt/airflow/dags
[2024-07-28T18:49:03.839+0000] {manager.py:740} INFO - There are 0 files in /opt/airflow/dags
[2024-07-28T18:54:04.013+0000] {manager.py:737} INFO - Searching for files in /opt/airflow/dags
[2024-07-28T18:54:04.013+0000] {manager.py:740} INFO - There are 0 files in /opt/airflow/dags
[2024-07-28T18:59:04.865+0000] {manager.py:737} INFO - Searching for files in /opt/airflow/dags
[2024-07-28T18:59:04.867+0000] {manager.py:740} INFO - There are 0 files in /opt/airflow/dags
[2024-07-28T19:04:04.945+0000] {manager.py:737} INFO - Searching for files in /opt/airflow/dags
[2024-07-28T19:04:04.947+0000] {manager.py:740} INFO - There are 0 files in /opt/airflow/dags
[2024-07-28T19:09:05.122+0000] {manager.py:737} INFO - Searching for files in /opt/airflow/dags
[2024-07-28T19:09:05.123+0000] {manager.py:740} INFO - There are 0 files in /opt/airflow/dags
[2024-07-28T19:14:05.341+0000] {manager.py:737} INFO - Searching for files in /opt/airflow/dags
[2024-07-28T19:14:05.344+0000] {manager.py:740} INFO - There are 0 files in /opt/airflow/dags
[2024-07-28T19:19:05.523+0000] {manager.py:737} INFO - Searching for files in /opt/airflow/dags
[2024-07-28T19:19:05.525+0000] {manager.py:740} INFO - There are 0 files in /opt/airflow/dags
[2024-07-28T19:24:05.751+0000] {manager.py:737} INFO - Searching for files in /opt/airflow/dags
[2024-07-28T19:24:05.753+0000] {manager.py:740} INFO - There are 0 files in /opt/airflow/dags
[2024-07-28T19:29:05.941+0000] {manager.py:737} INFO - Searching for files in /opt/airflow/dags
[2024-07-28T19:29:05.942+0000] {manager.py:740} INFO - There are 0 files in /opt/airflow/dags
[2024-07-28T19:34:06.083+0000] {manager.py:737} INFO - Searching for files in /opt/airflow/dags
[2024-07-28T19:34:06.084+0000] {manager.py:740} INFO - There are 0 files in /opt/airflow/dags
[2024-07-28T19:39:06.289+0000] {manager.py:737} INFO - Searching for files in /opt/airflow/dags
[2024-07-28T19:39:06.291+0000] {manager.py:740} INFO - There are 0 files in /opt/airflow/dags
[2024-07-28T19:44:06.307+0000] {manager.py:737} INFO - Searching for files in /opt/airflow/dags
[2024-07-28T19:44:06.308+0000] {manager.py:740} INFO - There are 0 files in /opt/airflow/dags
[2024-07-28T19:49:06.397+0000] {manager.py:737} INFO - Searching for files in /opt/airflow/dags
[2024-07-28T19:49:06.400+0000] {manager.py:740} INFO - There are 0 files in /opt/airflow/dags
[2024-07-28T19:54:06.615+0000] {manager.py:737} INFO - Searching for files in /opt/airflow/dags
[2024-07-28T19:54:06.616+0000] {manager.py:740} INFO - There are 0 files in /opt/airflow/dags
[2024-07-28T19:59:06.713+0000] {manager.py:737} INFO - Searching for files in /opt/airflow/dags
[2024-07-28T19:59:06.715+0000] {manager.py:740} INFO - There are 0 files in /opt/airflow/dags
[2024-07-28T20:04:06.900+0000] {manager.py:737} INFO - Searching for files in /opt/airflow/dags
[2024-07-28T20:04:06.902+0000] {manager.py:740} INFO - There are 0 files in /opt/airflow/dags
[2024-07-28T20:09:07.091+0000] {manager.py:737} INFO - Searching for files in /opt/airflow/dags
[2024-07-28T20:09:07.093+0000] {manager.py:740} INFO - There are 0 files in /opt/airflow/dags
[2024-07-28T20:14:07.266+0000] {manager.py:737} INFO - Searching for files in /opt/airflow/dags
[2024-07-28T20:14:07.268+0000] {manager.py:740} INFO - There are 0 files in /opt/airflow/dags
[2024-07-28T20:19:07.465+0000] {manager.py:737} INFO - Searching for files in /opt/airflow/dags
[2024-07-28T20:19:07.468+0000] {manager.py:740} INFO - There are 0 files in /opt/airflow/dags
[2024-07-28T20:24:07.705+0000] {manager.py:737} INFO - Searching for files in /opt/airflow/dags
[2024-07-28T20:24:07.705+0000] {manager.py:740} INFO - There are 0 files in /opt/airflow/dags
[2024-07-28T20:29:07.951+0000] {manager.py:737} INFO - Searching for files in /opt/airflow/dags
[2024-07-28T20:29:07.952+0000] {manager.py:740} INFO - There are 0 files in /opt/airflow/dags
[2024-07-28T20:34:08.271+0000] {manager.py:737} INFO - Searching for files in /opt/airflow/dags
[2024-07-28T20:34:08.272+0000] {manager.py:740} INFO - There are 0 files in /opt/airflow/dags
[2024-07-28T20:39:08.536+0000] {manager.py:737} INFO - Searching for files in /opt/airflow/dags
[2024-07-28T20:39:08.537+0000] {manager.py:740} INFO - There are 0 files in /opt/airflow/dags
[2024-07-28T20:44:08.677+0000] {manager.py:737} INFO - Searching for files in /opt/airflow/dags
[2024-07-28T20:44:08.679+0000] {manager.py:740} INFO - There are 0 files in /opt/airflow/dags
[2024-07-28T22:32:16.626+0000] {manager.py:737} INFO - Searching for files in /opt/airflow/dags
[2024-07-28T22:32:16.627+0000] {manager.py:740} INFO - There are 0 files in /opt/airflow/dags
[2024-07-28T22:37:17.486+0000] {manager.py:737} INFO - Searching for files in /opt/airflow/dags
[2024-07-28T22:37:17.489+0000] {manager.py:740} INFO - There are 0 files in /opt/airflow/dags
[2024-07-28T22:42:18.330+0000] {manager.py:737} INFO - Searching for files in /opt/airflow/dags
[2024-07-28T22:42:18.331+0000] {manager.py:740} INFO - There are 0 files in /opt/airflow/dags
[2024-07-28T22:47:19.170+0000] {manager.py:737} INFO - Searching for files in /opt/airflow/dags
[2024-07-28T22:47:19.171+0000] {manager.py:740} INFO - There are 0 files in /opt/airflow/dags
[2024-07-28T22:52:19.998+0000] {manager.py:737} INFO - Searching for files in /opt/airflow/dags
[2024-07-28T22:52:19.999+0000] {manager.py:740} INFO - There are 0 files in /opt/airflow/dags
[2024-07-28T22:57:20.179+0000] {manager.py:737} INFO - Searching for files in /opt/airflow/dags
[2024-07-28T22:57:20.180+0000] {manager.py:740} INFO - There are 0 files in /opt/airflow/dags
[2024-07-28T23:02:20.365+0000] {manager.py:737} INFO - Searching for files in /opt/airflow/dags
[2024-07-28T23:02:20.366+0000] {manager.py:740} INFO - There are 0 files in /opt/airflow/dags
[2024-07-28T23:07:21.054+0000] {manager.py:737} INFO - Searching for files in /opt/airflow/dags
[2024-07-28T23:07:21.056+0000] {manager.py:740} INFO - There are 0 files in /opt/airflow/dags
[2024-07-28T23:12:21.209+0000] {manager.py:737} INFO - Searching for files in /opt/airflow/dags
[2024-07-28T23:12:21.210+0000] {manager.py:740} INFO - There are 0 files in /opt/airflow/dags
[2024-07-28T23:17:22.183+0000] {manager.py:737} INFO - Searching for files in /opt/airflow/dags
[2024-07-28T23:17:22.185+0000] {manager.py:740} INFO - There are 0 files in /opt/airflow/dags
[2024-07-28T23:22:23.097+0000] {manager.py:737} INFO - Searching for files in /opt/airflow/dags
[2024-07-28T23:22:23.098+0000] {manager.py:740} INFO - There are 0 files in /opt/airflow/dags
[2024-07-28T23:27:23.859+0000] {manager.py:737} INFO - Searching for files in /opt/airflow/dags
[2024-07-28T23:27:23.861+0000] {manager.py:740} INFO - There are 0 files in /opt/airflow/dags
[2024-07-28T23:32:24.680+0000] {manager.py:737} INFO - Searching for files in /opt/airflow/dags
[2024-07-28T23:32:24.682+0000] {manager.py:740} INFO - There are 0 files in /opt/airflow/dags
[2024-07-28T23:37:25.584+0000] {manager.py:737} INFO - Searching for files in /opt/airflow/dags
[2024-07-28T23:37:25.585+0000] {manager.py:740} INFO - There are 0 files in /opt/airflow/dags
[2024-07-28T23:42:25.772+0000] {manager.py:737} INFO - Searching for files in /opt/airflow/dags
[2024-07-28T23:42:25.773+0000] {manager.py:740} INFO - There are 0 files in /opt/airflow/dags
[2024-07-28T23:47:25.886+0000] {manager.py:737} INFO - Searching for files in /opt/airflow/dags
[2024-07-28T23:47:25.888+0000] {manager.py:740} INFO - There are 0 files in /opt/airflow/dags
[2024-07-28T23:52:26.077+0000] {manager.py:737} INFO - Searching for files in /opt/airflow/dags
[2024-07-28T23:52:26.079+0000] {manager.py:740} INFO - There are 0 files in /opt/airflow/dags
[2024-07-28T23:57:26.238+0000] {manager.py:737} INFO - Searching for files in /opt/airflow/dags
[2024-07-28T23:57:26.239+0000] {manager.py:740} INFO - There are 0 files in /opt/airflow/dags
[2024-07-29T00:02:26.384+0000] {manager.py:737} INFO - Searching for files in /opt/airflow/dags
[2024-07-29T00:02:26.386+0000] {manager.py:740} INFO - There are 0 files in /opt/airflow/dags
[2024-07-29T00:07:26.615+0000] {manager.py:737} INFO - Searching for files in /opt/airflow/dags
[2024-07-29T00:07:26.617+0000] {manager.py:740} INFO - There are 0 files in /opt/airflow/dags
[2024-07-29T00:12:26.850+0000] {manager.py:737} INFO - Searching for files in /opt/airflow/dags
[2024-07-29T00:12:26.852+0000] {manager.py:740} INFO - There are 0 files in /opt/airflow/dags
[2024-07-29T00:17:27.039+0000] {manager.py:737} INFO - Searching for files in /opt/airflow/dags
[2024-07-29T00:17:27.042+0000] {manager.py:740} INFO - There are 0 files in /opt/airflow/dags
[2024-07-29T00:22:27.289+0000] {manager.py:737} INFO - Searching for files in /opt/airflow/dags
[2024-07-29T00:22:27.291+0000] {manager.py:740} INFO - There are 0 files in /opt/airflow/dags
[2024-07-29T19:35:51.620+0000] {manager.py:737} INFO - Searching for files in /opt/airflow/dags
[2024-07-29T19:35:51.621+0000] {manager.py:740} INFO - There are 0 files in /opt/airflow/dags
[2024-07-29T19:40:52.530+0000] {manager.py:737} INFO - Searching for files in /opt/airflow/dags
[2024-07-29T19:40:52.531+0000] {manager.py:740} INFO - There are 0 files in /opt/airflow/dags
[2024-07-29T19:45:52.692+0000] {manager.py:737} INFO - Searching for files in /opt/airflow/dags
[2024-07-29T19:45:52.695+0000] {manager.py:740} INFO - There are 0 files in /opt/airflow/dags
[2024-07-29T19:50:52.916+0000] {manager.py:737} INFO - Searching for files in /opt/airflow/dags
[2024-07-29T19:50:52.919+0000] {manager.py:740} INFO - There are 0 files in /opt/airflow/dags
[2024-07-29T19:55:53.170+0000] {manager.py:737} INFO - Searching for files in /opt/airflow/dags
[2024-07-29T19:55:53.172+0000] {manager.py:740} INFO - There are 0 files in /opt/airflow/dags
[2024-07-29T20:00:53.378+0000] {manager.py:737} INFO - Searching for files in /opt/airflow/dags
[2024-07-29T20:00:53.380+0000] {manager.py:740} INFO - There are 0 files in /opt/airflow/dags
[2024-07-29T20:05:54.205+0000] {manager.py:737} INFO - Searching for files in /opt/airflow/dags
[2024-07-29T20:05:54.206+0000] {manager.py:740} INFO - There are 0 files in /opt/airflow/dags
[2024-07-29T20:10:55.086+0000] {manager.py:737} INFO - Searching for files in /opt/airflow/dags
[2024-07-29T20:10:55.087+0000] {manager.py:740} INFO - There are 0 files in /opt/airflow/dags
[2024-07-29T20:15:55.106+0000] {manager.py:737} INFO - Searching for files in /opt/airflow/dags
[2024-07-29T20:15:55.108+0000] {manager.py:740} INFO - There are 0 files in /opt/airflow/dags
[2024-07-29T20:20:55.293+0000] {manager.py:737} INFO - Searching for files in /opt/airflow/dags
[2024-07-29T20:20:55.295+0000] {manager.py:740} INFO - There are 0 files in /opt/airflow/dags
[2024-07-29T20:25:56.291+0000] {manager.py:737} INFO - Searching for files in /opt/airflow/dags
[2024-07-29T20:25:56.293+0000] {manager.py:740} INFO - There are 0 files in /opt/airflow/dags
